#
# A fatal error has been detected by the Java Runtime Environment:
#
#  EXCEPTION_ACCESS_VIOLATION (0xc0000005) at pc=0x6301ac3d, pid=14968, tid=15268
#
# JRE version: Java(TM) SE Runtime Environment (8.0_74-b02) (build 1.8.0_74-b02)
# Java VM: Java HotSpot(TM) Client VM (25.74-b02 mixed mode windows-x86 )
# Problematic frame:
# V  [jvm.dll+0xcac3d]
#
# Failed to write core dump. Minidumps are not enabled by default on client versions of Windows
#
# If you would like to submit a bug report, please visit:
#   http://bugreport.java.com/bugreport/crash.jsp
#

---------------  T H R E A D  ---------------

Current thread (0x010d6800):  JavaThread "JDWP Transport Listener: dt_socket" daemon [_thread_in_vm, id=15268, stack(0x14a90000,0x14ae0000)]

siginfo: ExceptionCode=0xc0000005, reading address 0x3e003b00

Registers:
EAX=0x3e003b00, EBX=0x00000000, ECX=0x3e003b00, EDX=0x00000000
ESP=0x14adf478, EBP=0x14adf47c, ESI=0x010d6800, EDI=0x004c81b0
EIP=0x6301ac3d, EFLAGS=0x00010206

Top of Stack: (sp=0x14adf478)
0x14adf478:   010d6800 14adf4a4 63177d34 3e003b00
0x14adf488:   14adf55c 14adf4df 010d6800 00000000
0x14adf498:   00000000 00000000 010d6800 14adf4e0
0x14adf4a8:   64019f80 004c81b0 3e003b00 14adf4df
0x14adf4b8:   3e003b00 6400436d 3e003b00 14adf4df
0x14adf4c8:   00000006 00000000 00000000 0000000a
0x14adf4d8:   00000000 000d0f50 14adf500 640044e0
0x14adf4e8:   00000001 14adf51c 14adf558 01244990 

Instructions: (pc=0x6301ac3d)
0x6301ac1d:   5d c3 52 e8 5b f9 ff ff 5d c3 cc cc cc cc cc cc
0x6301ac2d:   cc cc cc 55 8b ec 8b 45 08 85 c0 75 02 5d c3 56
0x6301ac3d:   8b 30 85 f6 74 17 83 fe 37 74 12 8b 06 8b 50 08
0x6301ac4d:   8b ce ff d2 84 c0 74 05 8b c6 5e 5d c3 33 c0 5e 


Register to memory mapping:

EAX=0x3e003b00 is an unknown value
EBX=0x00000000 is an unknown value
ECX=0x3e003b00 is an unknown value
EDX=0x00000000 is an unknown value
ESP=0x14adf478 is pointing into the stack for thread: 0x010d6800
EBP=0x14adf47c is pointing into the stack for thread: 0x010d6800
ESI=0x010d6800 is a thread
EDI=0x004c81b0 is an unknown value


Stack: [0x14a90000,0x14ae0000],  sp=0x14adf478,  free space=317k
Native frames: (J=compiled Java code, j=interpreted, Vv=VM code, C=native code)
V  [jvm.dll+0xcac3d]
V  [jvm.dll+0x227d34]
C  [jdwp.dll+0x19f80]
C  [jdwp.dll+0x44e0]
C  [jdwp.dll+0x451e]
C  0x6e616c2f


---------------  P R O C E S S  ---------------

Java Threads: ( => current thread )
  0x010ea000 JavaThread "Service Thread" daemon [_thread_blocked, id=12340, stack(0x14cd0000,0x14d20000)]
  0x010e7000 JavaThread "C1 CompilerThread0" daemon [_thread_blocked, id=8164, stack(0x14c40000,0x14c90000)]
  0x010e6000 JavaThread "JDWP Command Reader" daemon [_thread_in_native, id=11588, stack(0x14bb0000,0x14c00000)]
  0x010de000 JavaThread "JDWP Event Helper Thread" daemon [_thread_blocked, id=14528, stack(0x14b20000,0x14b70000)]
=>0x010d6800 JavaThread "JDWP Transport Listener: dt_socket" daemon [_thread_in_vm, id=15268, stack(0x14a90000,0x14ae0000)]
  0x010d9800 JavaThread "Attach Listener" daemon [_thread_blocked, id=11048, stack(0x14a00000,0x14a50000)]
  0x010d7800 JavaThread "Signal Dispatcher" daemon [_thread_blocked, id=13572, stack(0x14970000,0x149c0000)]
  0x010b9800 JavaThread "Finalizer" daemon [_thread_blocked, id=9552, stack(0x14800000,0x14850000)]
  0x010a4800 JavaThread "Reference Handler" daemon [_thread_blocked, id=9792, stack(0x012e0000,0x01330000)]
  0x004ccc00 JavaThread "main" [_thread_blocked, id=8836, stack(0x008e0000,0x00930000)]

Other Threads:
  0x00a2d800 VMThread [stack: 0x01050000,0x010a0000] [id=684]
  0x010e9400 WatcherThread [stack: 0x14d60000,0x14db0000] [id=6468]

VM state:not at safepoint (normal execution)

VM Mutex/Monitor currently owned by a thread: None

Heap:
 def new generation   total 4928K, used 1083K [0x04800000, 0x04d50000, 0x09d50000)
  eden space 4416K,  24% used [0x04800000, 0x0490ede0, 0x04c50000)
  from space 512K,   0% used [0x04c50000, 0x04c50000, 0x04cd0000)
  to   space 512K,   0% used [0x04cd0000, 0x04cd0000, 0x04d50000)
 tenured generation   total 10944K, used 0K [0x09d50000, 0x0a800000, 0x14800000)
   the space 10944K,   0% used [0x09d50000, 0x09d50000, 0x09d50200, 0x0a800000)
 Metaspace       used 2311K, capacity 2358K, committed 2368K, reserved 4480K

Card table byte_map: [0x00ac0000,0x00b50000] byte_map_base: 0x00a9c000

Polling page: 0x007a0000

CodeCache: size=32768Kb used=737Kb max_used=737Kb free=32030Kb
 bounds [0x027c0000, 0x02880000, 0x047c0000]
 total_blobs=166 nmethods=32 adapters=74
 compilation: enabled

Compilation events (10 events):
Event: 0.223 Thread 0x010e7000   28             java.lang.String::startsWith (72 bytes)
Event: 0.223 Thread 0x010e7000 nmethod 28 0x02876388 code [0x02876490, 0x028765d0]
Event: 0.238 Thread 0x010e7000   29             java.io.BufferedInputStream::getBufIfOpen (21 bytes)
Event: 0.238 Thread 0x010e7000 nmethod 29 0x02876748 code [0x02876850, 0x0287694c]
Event: 0.238 Thread 0x010e7000   30  s          java.io.BufferedInputStream::read (49 bytes)
Event: 0.239 Thread 0x010e7000 nmethod 30 0x02876a08 code [0x02876b30, 0x02876e28]
Event: 0.241 Thread 0x010e7000   31             java.util.StringTokenizer::scanToken (179 bytes)
Event: 0.242 Thread 0x010e7000 nmethod 31 0x02876fc8 code [0x02877150, 0x02877568]
Event: 0.242 Thread 0x010e7000   32             java.util.Arrays::copyOfRange (63 bytes)
Event: 0.242 Thread 0x010e7000 nmethod 32 0x02877b08 code [0x02877c60, 0x02878008]

GC Heap History (0 events):
No events

Deoptimization events (0 events):
No events

Internal exceptions (6 events):
Event: 0.039 Thread 0x004ccc00 Exception <a 'java/lang/NoSuchMethodError': Method sun.misc.Unsafe.defineClass(Ljava/lang/String;[BII)Ljava/lang/Class; name or signature does not match> (0x04806ea8) thrown at [C:\re\workspace\8-2-build-windows-i586-cygwin\jdk8u74\6087\hotspot\src\share\vÏ–+”4¤?
Event: 0.039 Thread 0x004ccc00 Exception <a 'java/lang/NoSuchMethodError': Method sun.misc.Unsafe.prefetchRead(Ljava/lang/Object;J)V name or signature does not match> (0x04807178) thrown at [C:\re\workspace\8-2-build-windows-i586-cygwin\jdk8u74\6087\hotspot\src\share\vm\prims\jni.cpp, l"\Ì| YÌ?
Event: 0.221 Thread 0x004ccc00 Exception <a 'java/security/PrivilegedActionException'> (0x048e3930) thrown at [C:\re\workspace\8-2-build-windows-i586-cygwin\jdk8u74\6087\hotspot\src\share\vm\prims\jvm.cpp, line 1386]
Event: 0.222 Thread 0x004ccc00 Exception <a 'java/security/PrivilegedActionException'> (0x048e3d10) thrown at [C:\re\workspace\8-2-build-windows-i586-cygwin\jdk8u74\6087\hotspot\src\share\vm\prims\jvm.cpp, line 1386]
Event: 0.222 Thread 0x004ccc00 Exception <a 'java/security/PrivilegedActionException'> (0x048e7f78) thrown at [C:\re\workspace\8-2-build-windows-i586-cygwin\jdk8u74\6087\hotspot\src\share\vm\prims\jvm.cpp, line 1386]
Event: 0.222 Thread 0x004ccc00 Exception <a 'java/security/PrivilegedActionException'> (0x048e8358) thrown at [C:\re\workspace\8-2-build-windows-i586-cygwin\jdk8u74\6087\hotspot\src\share\vm\prims\jvm.cpp, line 1386]

Events (10 events):
Event: 535.747 Executing VM operation: ChangeBreakpoints
Event: 535.747 Executing VM operation: ChangeBreakpoints done
Event: 548.597 Executing VM operation: ChangeBreakpoints
Event: 548.597 Executing VM operation: ChangeBreakpoints done
Event: 548.599 Executing VM operation: ChangeBreakpoints
Event: 548.599 Executing VM operation: ChangeBreakpoints done
Event: 656.058 Executing VM operation: ChangeBreakpoints
Event: 656.058 Executing VM operation: ChangeBreakpoints done
Event: 656.062 Executing VM operation: RedefineClasses
Event: 656.062 Executing VM operation: RedefineClasses done


Dynamic libraries:
0x01380000 - 0x013b3000 	C:\Program Files (x86)\Java\jdk1.8.0_74\bin\java.exe
0x77310000 - 0x7747e000 	C:\Windows\SYSTEM32\ntdll.dll
0x751e0000 - 0x75320000 	C:\Windows\SYSTEM32\KERNEL32.DLL
0x754e0000 - 0x755b7000 	C:\Windows\SYSTEM32\KERNELBASE.dll
0x58650000 - 0x586f0000 	C:\Windows\system32\apphelp.dll
0x70d40000 - 0x70fa6000 	C:\Windows\AppPatch\AcGenral.DLL
0x74b80000 - 0x74c43000 	C:\Windows\SYSTEM32\msvcrt.dll
0x75800000 - 0x75841000 	C:\Windows\SYSTEM32\sechost.dll
0x74b00000 - 0x74b1e000 	C:\Windows\SYSTEM32\SspiCli.dll
0x74c50000 - 0x74c95000 	C:\Windows\SYSTEM32\SHLWAPI.dll
0x722a0000 - 0x7238d000 	C:\Windows\SYSTEM32\UxTheme.dll
0x76f80000 - 0x770d3000 	C:\Windows\SYSTEM32\USER32.dll
0x770f0000 - 0x771fe000 	C:\Windows\SYSTEM32\GDI32.dll
0x74860000 - 0x74883000 	C:\Windows\SYSTEM32\WINMM.dll
0x71240000 - 0x71253000 	C:\Windows\SYSTEM32\samcli.dll
0x750b0000 - 0x751d9000 	C:\Windows\SYSTEM32\ole32.dll
0x75320000 - 0x753b5000 	C:\Windows\SYSTEM32\OLEAUT32.dll
0x6cff0000 - 0x6d007000 	C:\Windows\SYSTEM32\MSACM32.dll
0x74a80000 - 0x74a88000 	C:\Windows\SYSTEM32\VERSION.dll
0x75a30000 - 0x76cec000 	C:\Windows\SYSTEM32\SHELL32.dll
0x73760000 - 0x7377b000 	C:\Windows\SYSTEM32\USERENV.dll
0x72220000 - 0x7223a000 	C:\Windows\SYSTEM32\dwmapi.dll
0x73360000 - 0x734ab000 	C:\Windows\SYSTEM32\urlmon.dll
0x756b0000 - 0x7572c000 	C:\Windows\SYSTEM32\ADVAPI32.dll
0x74970000 - 0x749d5000 	C:\Windows\SYSTEM32\WINSPOOL.DRV
0x72270000 - 0x72286000 	C:\Windows\SYSTEM32\MPR.dll
0x74e60000 - 0x74f1a000 	C:\Windows\SYSTEM32\RPCRT4.dll
0x74af0000 - 0x74afa000 	C:\Windows\SYSTEM32\CRYPTBASE.dll
0x76e00000 - 0x76f7d000 	C:\Windows\SYSTEM32\combase.dll
0x747f0000 - 0x74813000 	C:\Windows\SYSTEM32\WINMMBASE.dll
0x749e0000 - 0x749ef000 	C:\Windows\SYSTEM32\profapi.dll
0x73120000 - 0x73352000 	C:\Windows\SYSTEM32\iertutil.dll
0x72f20000 - 0x73113000 	C:\Windows\SYSTEM32\WININET.dll
0x74a90000 - 0x74ae4000 	C:\Windows\SYSTEM32\bcryptPrimitives.dll
0x755c0000 - 0x755fc000 	C:\Windows\SYSTEM32\cfgmgr32.dll
0x747c0000 - 0x747e1000 	C:\Windows\SYSTEM32\DEVOBJ.dll
0x749f0000 - 0x74a7b000 	C:\Windows\SYSTEM32\SHCORE.DLL
0x757d0000 - 0x757f7000 	C:\Windows\system32\IMM32.DLL
0x753c0000 - 0x754d2000 	C:\Windows\SYSTEM32\MSCTF.dll
0x723c0000 - 0x725c6000 	C:\Windows\WinSxS\x86_microsoft.windows.common-controls_6595b64144ccf1df_6.0.9600.18006_none_a9ec6aab013aafee\COMCTL32.dll
0x72240000 - 0x7226c000 	C:\Program Files (x86)\AVG\Av\avghookx.dll
0x64300000 - 0x643bf000 	C:\Program Files (x86)\Java\jdk1.8.0_74\jre\bin\msvcr100.dll
0x62f50000 - 0x63318000 	C:\Program Files (x86)\Java\jdk1.8.0_74\jre\bin\client\jvm.dll
0x72730000 - 0x72738000 	C:\Windows\SYSTEM32\WSOCK32.dll
0x770e0000 - 0x770e6000 	C:\Windows\SYSTEM32\PSAPI.DLL
0x759e0000 - 0x75a30000 	C:\Windows\SYSTEM32\WS2_32.dll
0x74f20000 - 0x74f27000 	C:\Windows\SYSTEM32\NSI.dll
0x6c8d0000 - 0x6c8dc000 	C:\Program Files (x86)\Java\jdk1.8.0_74\jre\bin\verify.dll
0x64a80000 - 0x64aa1000 	C:\Program Files (x86)\Java\jdk1.8.0_74\jre\bin\java.dll
0x64000000 - 0x64029000 	C:\Program Files (x86)\Java\jdk1.8.0_74\jre\bin\jdwp.dll
0x6c570000 - 0x6c577000 	C:\Program Files (x86)\Java\jdk1.8.0_74\jre\bin\npt.dll
0x643e0000 - 0x643f3000 	C:\Program Files (x86)\Java\jdk1.8.0_74\jre\bin\zip.dll
0x66380000 - 0x66388000 	C:\Program Files (x86)\Java\jdk1.8.0_74\jre\bin\dt_socket.dll
0x72e40000 - 0x72e8b000 	C:\Windows\system32\mswsock.dll
0x6fb90000 - 0x6fcd1000 	C:\Windows\SYSTEM32\dbghelp.dll

VM Arguments:
jvm_args: -agentlib:jdwp=transport=dt_socket,address=127.0.0.1:54948,suspend=y,server=n -Dfile.encoding=UTF-8 
java_command: Problem04.LogParser.Main
java_class_path (initial): C:\Program Files (x86)\Java\jdk1.8.0_74\jre\lib\charsets.jar;C:\Program Files (x86)\Java\jdk1.8.0_74\jre\lib\deploy.jar;C:\Program Files (x86)\Java\jdk1.8.0_74\jre\lib\ext\access-bridge-32.jar;C:\Program Files (x86)\Java\jdk1.8.0_74\jre\lib\ext\cldrdata.jar;C:\Program Files (x86)\Java\jdk1.8.0_74\jre\lib\ext\dnsns.jar;C:\Program Files (x86)\Java\jdk1.8.0_74\jre\lib\ext\jaccess.jar;C:\Program Files (x86)\Java\jdk1.8.0_74\jre\lib\ext\jfxrt.jar;C:\Program Files (x86)\Java\jdk1.8.0_74\jre\lib\ext\localedata.jar;C:\Program Files (x86)\Java\jdk1.8.0_74\jre\lib\ext\nashorn.jar;C:\Program Files (x86)\Java\jdk1.8.0_74\jre\lib\ext\sunec.jar;C:\Program Files (x86)\Java\jdk1.8.0_74\jre\lib\ext\sunjce_provider.jar;C:\Program Files (x86)\Java\jdk1.8.0_74\jre\lib\ext\sunmscapi.jar;C:\Program Files (x86)\Java\jdk1.8.0_74\jre\lib\ext\sunpkcs11.jar;C:\Program Files (x86)\Java\jdk1.8.0_74\jre\lib\ext\zipfs.jar;C:\Program Files (x86)\Java\jdk1.8.0_74\jre\lib\javaws.jar;C:\Program Files (x86)\Java\jdk1.8.0_74\jre\lib\jce.jar;C:\Program Files (x86)\Java\jdk1.8.0_74\jre\lib\jfr.jar;C:\Program Files (x86)\Java\jdk1.8.0_74\jre\lib\jfxswt.jar;C:\Program Files (x86)\Java\jdk1.8.0_74\jre\lib\jsse.jar;C:\Program Files (x86)\Java\jdk1.8.0_74\jre\lib\management-agent.jar;C:\Program Files (x86)\Java\jdk1.8.0_74\jre\lib\plugin.jar;C:\Program Files (x86)\Java\jdk1.8.0_74\jre\lib\resources.jar;C:\Program Files (x86)\Java\jdk1.8.0_74\jre\lib\rt.jar;E:\SoftUni\JavaFundamentals\ExamPreparation\Exam15November\out\production\Exam15November;C:\Program Files (x86)\JetBrains\IntelliJ IDEA Community Edition 2016.1\lib\idea_rt.jar
Launcher Type: SUN_STANDARD

Environment Variables:
PATH=C:\Program Files (x86)\Java\jdk1.8.0_74\bin;C:\Program Files\TortoiseSVN\bin
USERNAME=StaniPC
OS=Windows_NT
PROCESSOR_IDENTIFIER=Intel64 Family 6 Model 42 Stepping 7, GenuineIntel



---------------  S Y S T E M  ---------------

OS: Windows 8.1 , 64 bit Build 9600 (6.3.9600.17415)

CPU:total 4 (2 cores per cpu, 2 threads per core) family 6 model 42 stepping 7, cmov, cx8, fxsr, mmx, sse, sse2, sse3, ssse3, sse4.1, sse4.2, popcnt, avx, aes, clmul, ht, tsc, tscinvbit

Memory: 4k page, physical 6238684k(2562516k free), swap 7375872k(2944696k free)

vm_info: Java HotSpot(TM) Client VM (25.74-b02) for windows-x86 JRE (1.8.0_74-b02), built on Jan 29 2016 17:47:57 by "java_re" with MS VC++ 10.0 (VS2010)

time: Tue Apr 05 02:03:20 2016
elapsed time: 656 seconds (0d 0h 10m 56s)

