#
# A fatal error has been detected by the Java Runtime Environment:
#
#  EXCEPTION_ACCESS_VIOLATION (0xc0000005) at pc=0x6301ac3d, pid=8872, tid=7060
#
# JRE version: Java(TM) SE Runtime Environment (8.0_74-b02) (build 1.8.0_74-b02)
# Java VM: Java HotSpot(TM) Client VM (25.74-b02 mixed mode windows-x86 )
# Problematic frame:
# V  [jvm.dll+0xcac3d]
#
# Failed to write core dump. Minidumps are not enabled by default on client versions of Windows
#
# If you would like to submit a bug report, please visit:
#   http://bugreport.java.com/bugreport/crash.jsp
#

---------------  T H R E A D  ---------------

Current thread (0x14d7d000):  JavaThread "JDWP Transport Listener: dt_socket" daemon [_thread_in_vm, id=7060, stack(0x15220000,0x15270000)]

siginfo: ExceptionCode=0xc0000005, reading address 0x00003b00

Registers:
EAX=0x00003b00, EBX=0x00000000, ECX=0x00003b00, EDX=0x00000000
ESP=0x1526f228, EBP=0x1526f22c, ESI=0x14d7d000, EDI=0x00c481b0
EIP=0x6301ac3d, EFLAGS=0x00010206

Top of Stack: (sp=0x1526f228)
0x1526f228:   14d7d000 1526f254 63177d34 00003b00
0x1526f238:   1526f30c 1526f28f 14d7d000 00000000
0x1526f248:   00000000 00000000 14d7d000 1526f290
0x1526f258:   64019f80 00c481b0 00003b00 1526f28f
0x1526f268:   00003b00 6400436d 00003b00 1526f28f
0x1526f278:   00000007 00000000 00000000 0000000a
0x1526f288:   00000000 00d42164 1526f2b0 640044e0
0x1526f298:   00000001 1526f2cc 1526f308 14eded30 

Instructions: (pc=0x6301ac3d)
0x6301ac1d:   5d c3 52 e8 5b f9 ff ff 5d c3 cc cc cc cc cc cc
0x6301ac2d:   cc cc cc 55 8b ec 8b 45 08 85 c0 75 02 5d c3 56
0x6301ac3d:   8b 30 85 f6 74 17 83 fe 37 74 12 8b 06 8b 50 08
0x6301ac4d:   8b ce ff d2 84 c0 74 05 8b c6 5e 5d c3 33 c0 5e 


Register to memory mapping:

EAX=0x00003b00 is an unknown value
EBX=0x00000000 is an unknown value
ECX=0x00003b00 is an unknown value
EDX=0x00000000 is an unknown value
ESP=0x1526f228 is pointing into the stack for thread: 0x14d7d000
EBP=0x1526f22c is pointing into the stack for thread: 0x14d7d000
ESI=0x14d7d000 is a thread
EDI=0x00c481b0 is an unknown value


Stack: [0x15220000,0x15270000],  sp=0x1526f228,  free space=316k
Native frames: (J=compiled Java code, j=interpreted, Vv=VM code, C=native code)
V  [jvm.dll+0xcac3d]
V  [jvm.dll+0x227d34]
C  [jdwp.dll+0x19f80]
C  [jdwp.dll+0x44e0]
C  [jdwp.dll+0x451e]
C  0xf9e01401


---------------  P R O C E S S  ---------------

Java Threads: ( => current thread )
  0x14d92800 JavaThread "Service Thread" daemon [_thread_blocked, id=12052, stack(0x15460000,0x154b0000)]
  0x14d87400 JavaThread "C1 CompilerThread0" daemon [_thread_blocked, id=14620, stack(0x153d0000,0x15420000)]
  0x14d81400 JavaThread "JDWP Command Reader" daemon [_thread_in_native, id=11236, stack(0x15340000,0x15390000)]
  0x14d7e400 JavaThread "JDWP Event Helper Thread" daemon [_thread_blocked, id=12368, stack(0x152b0000,0x15300000)]
=>0x14d7d000 JavaThread "JDWP Transport Listener: dt_socket" daemon [_thread_in_vm, id=7060, stack(0x15220000,0x15270000)]
  0x14d79800 JavaThread "Attach Listener" daemon [_thread_blocked, id=11972, stack(0x15190000,0x151e0000)]
  0x14d77800 JavaThread "Signal Dispatcher" daemon [_thread_blocked, id=4744, stack(0x15100000,0x15150000)]
  0x14d59800 JavaThread "Finalizer" daemon [_thread_blocked, id=14552, stack(0x14f90000,0x14fe0000)]
  0x14d44800 JavaThread "Reference Handler" daemon [_thread_blocked, id=1524, stack(0x14f40000,0x14f90000)]
  0x00c4cc00 JavaThread "main" [_thread_blocked, id=1284, stack(0x00c90000,0x00ce0000)]

Other Threads:
  0x0133d800 VMThread [stack: 0x14cf0000,0x14d40000] [id=13500]
  0x14db9c00 WatcherThread [stack: 0x154f0000,0x15540000] [id=13868]

VM state:not at safepoint (normal execution)

VM Mutex/Monitor currently owned by a thread: None

Heap:
 def new generation   total 4928K, used 1084K [0x04800000, 0x04d50000, 0x09d50000)
  eden space 4416K,  24% used [0x04800000, 0x0490f118, 0x04c50000)
  from space 512K,   0% used [0x04c50000, 0x04c50000, 0x04cd0000)
  to   space 512K,   0% used [0x04cd0000, 0x04cd0000, 0x04d50000)
 tenured generation   total 10944K, used 0K [0x09d50000, 0x0a800000, 0x14800000)
   the space 10944K,   0% used [0x09d50000, 0x09d50000, 0x09d50200, 0x0a800000)
 Metaspace       used 2308K, capacity 2358K, committed 2368K, reserved 4480K

Card table byte_map: [0x14800000,0x14890000] byte_map_base: 0x147dc000

Polling page: 0x00c00000

CodeCache: size=32768Kb used=737Kb max_used=737Kb free=32030Kb
 bounds [0x027c0000, 0x02880000, 0x047c0000]
 total_blobs=166 nmethods=32 adapters=74
 compilation: enabled

Compilation events (10 events):
Event: 0.463 Thread 0x14d87400   28             java.lang.String::startsWith (72 bytes)
Event: 0.463 Thread 0x14d87400 nmethod 28 0x02876388 code [0x02876490, 0x028765d0]
Event: 0.611 Thread 0x14d87400   29             java.io.BufferedInputStream::getBufIfOpen (21 bytes)
Event: 0.611 Thread 0x14d87400 nmethod 29 0x02876748 code [0x02876850, 0x0287694c]
Event: 0.611 Thread 0x14d87400   30  s          java.io.BufferedInputStream::read (49 bytes)
Event: 0.612 Thread 0x14d87400 nmethod 30 0x02876a08 code [0x02876b30, 0x02876e28]
Event: 0.672 Thread 0x14d87400   31             java.util.StringTokenizer::scanToken (179 bytes)
Event: 0.673 Thread 0x14d87400 nmethod 31 0x02876fc8 code [0x02877150, 0x02877568]
Event: 0.673 Thread 0x14d87400   32             java.util.Arrays::copyOfRange (63 bytes)
Event: 0.674 Thread 0x14d87400 nmethod 32 0x02877b08 code [0x02877c60, 0x02878008]

GC Heap History (0 events):
No events

Deoptimization events (0 events):
No events

Internal exceptions (6 events):
Event: 0.039 Thread 0x00c4cc00 Exception <a 'java/lang/NoSuchMethodError': Method sun.misc.Unsafe.defineClass(Ljava/lang/String;[BII)Ljava/lang/Class; name or signature does not match> (0x04806ea8) thrown at [C:\re\workspace\8-2-build-windows-i586-cygwin\jdk8u74\6087\hotspot\src\share\v˜¡Å}§Á£?
Event: 0.039 Thread 0x00c4cc00 Exception <a 'java/lang/NoSuchMethodError': Method sun.misc.Unsafe.prefetchRead(Ljava/lang/Object;J)V name or signature does not match> (0x04807178) thrown at [C:\re\workspace\8-2-build-windows-i586-cygwin\jdk8u74\6087\hotspot\src\share\vm\prims\jni.cpp, l2tà˙⁄?
Event: 0.407 Thread 0x00c4cc00 Exception <a 'java/security/PrivilegedActionException'> (0x048e2cc8) thrown at [C:\re\workspace\8-2-build-windows-i586-cygwin\jdk8u74\6087\hotspot\src\share\vm\prims\jvm.cpp, line 1386]
Event: 0.407 Thread 0x00c4cc00 Exception <a 'java/security/PrivilegedActionException'> (0x048e30a8) thrown at [C:\re\workspace\8-2-build-windows-i586-cygwin\jdk8u74\6087\hotspot\src\share\vm\prims\jvm.cpp, line 1386]
Event: 0.461 Thread 0x00c4cc00 Exception <a 'java/security/PrivilegedActionException'> (0x048e7310) thrown at [C:\re\workspace\8-2-build-windows-i586-cygwin\jdk8u74\6087\hotspot\src\share\vm\prims\jvm.cpp, line 1386]
Event: 0.461 Thread 0x00c4cc00 Exception <a 'java/security/PrivilegedActionException'> (0x048e76f0) thrown at [C:\re\workspace\8-2-build-windows-i586-cygwin\jdk8u74\6087\hotspot\src\share\vm\prims\jvm.cpp, line 1386]

Events (10 events):
Event: 322.057 Executing VM operation: EnterInterpOnlyMode
Event: 322.057 Executing VM operation: EnterInterpOnlyMode done
Event: 322.057 Executing VM operation: EnterInterpOnlyMode
Event: 322.057 Executing VM operation: EnterInterpOnlyMode done
Event: 526.976 Executing VM operation: ChangeBreakpoints
Event: 526.977 Executing VM operation: ChangeBreakpoints done
Event: 526.977 Executing VM operation: ChangeBreakpoints
Event: 526.977 Executing VM operation: ChangeBreakpoints done
Event: 526.979 Executing VM operation: RedefineClasses
Event: 526.980 Executing VM operation: RedefineClasses done


Dynamic libraries:
0x01380000 - 0x013b3000 	C:\Program Files (x86)\Java\jdk1.8.0_74\bin\java.exe
0x77310000 - 0x7747e000 	C:\Windows\SYSTEM32\ntdll.dll
0x751e0000 - 0x75320000 	C:\Windows\SYSTEM32\KERNEL32.DLL
0x754e0000 - 0x755b7000 	C:\Windows\SYSTEM32\KERNELBASE.dll
0x58650000 - 0x586f0000 	C:\Windows\system32\apphelp.dll
0x70d40000 - 0x70fa6000 	C:\Windows\AppPatch\AcGenral.DLL
0x74b80000 - 0x74c43000 	C:\Windows\SYSTEM32\msvcrt.dll
0x75800000 - 0x75841000 	C:\Windows\SYSTEM32\sechost.dll
0x74b00000 - 0x74b1e000 	C:\Windows\SYSTEM32\SspiCli.dll
0x74c50000 - 0x74c95000 	C:\Windows\SYSTEM32\SHLWAPI.dll
0x722a0000 - 0x7238d000 	C:\Windows\SYSTEM32\UxTheme.dll
0x76f80000 - 0x770d3000 	C:\Windows\SYSTEM32\USER32.dll
0x770f0000 - 0x771fe000 	C:\Windows\SYSTEM32\GDI32.dll
0x74860000 - 0x74883000 	C:\Windows\SYSTEM32\WINMM.dll
0x71240000 - 0x71253000 	C:\Windows\SYSTEM32\samcli.dll
0x750b0000 - 0x751d9000 	C:\Windows\SYSTEM32\ole32.dll
0x75320000 - 0x753b5000 	C:\Windows\SYSTEM32\OLEAUT32.dll
0x6cff0000 - 0x6d007000 	C:\Windows\SYSTEM32\MSACM32.dll
0x74a80000 - 0x74a88000 	C:\Windows\SYSTEM32\VERSION.dll
0x75a30000 - 0x76cec000 	C:\Windows\SYSTEM32\SHELL32.dll
0x73760000 - 0x7377b000 	C:\Windows\SYSTEM32\USERENV.dll
0x72220000 - 0x7223a000 	C:\Windows\SYSTEM32\dwmapi.dll
0x73360000 - 0x734ab000 	C:\Windows\SYSTEM32\urlmon.dll
0x756b0000 - 0x7572c000 	C:\Windows\SYSTEM32\ADVAPI32.dll
0x74970000 - 0x749d5000 	C:\Windows\SYSTEM32\WINSPOOL.DRV
0x72270000 - 0x72286000 	C:\Windows\SYSTEM32\MPR.dll
0x74e60000 - 0x74f1a000 	C:\Windows\SYSTEM32\RPCRT4.dll
0x74af0000 - 0x74afa000 	C:\Windows\SYSTEM32\CRYPTBASE.dll
0x76e00000 - 0x76f7d000 	C:\Windows\SYSTEM32\combase.dll
0x747f0000 - 0x74813000 	C:\Windows\SYSTEM32\WINMMBASE.dll
0x749e0000 - 0x749ef000 	C:\Windows\SYSTEM32\profapi.dll
0x73120000 - 0x73352000 	C:\Windows\SYSTEM32\iertutil.dll
0x72f20000 - 0x73113000 	C:\Windows\SYSTEM32\WININET.dll
0x74a90000 - 0x74ae4000 	C:\Windows\SYSTEM32\bcryptPrimitives.dll
0x755c0000 - 0x755fc000 	C:\Windows\SYSTEM32\cfgmgr32.dll
0x747c0000 - 0x747e1000 	C:\Windows\SYSTEM32\DEVOBJ.dll
0x749f0000 - 0x74a7b000 	C:\Windows\SYSTEM32\SHCORE.DLL
0x757d0000 - 0x757f7000 	C:\Windows\system32\IMM32.DLL
0x753c0000 - 0x754d2000 	C:\Windows\SYSTEM32\MSCTF.dll
0x723c0000 - 0x725c6000 	C:\Windows\WinSxS\x86_microsoft.windows.common-controls_6595b64144ccf1df_6.0.9600.18006_none_a9ec6aab013aafee\COMCTL32.dll
0x72240000 - 0x7226c000 	C:\Program Files (x86)\AVG\Av\avghookx.dll
0x64300000 - 0x643bf000 	C:\Program Files (x86)\Java\jdk1.8.0_74\jre\bin\msvcr100.dll
0x62f50000 - 0x63318000 	C:\Program Files (x86)\Java\jdk1.8.0_74\jre\bin\client\jvm.dll
0x72730000 - 0x72738000 	C:\Windows\SYSTEM32\WSOCK32.dll
0x770e0000 - 0x770e6000 	C:\Windows\SYSTEM32\PSAPI.DLL
0x759e0000 - 0x75a30000 	C:\Windows\SYSTEM32\WS2_32.dll
0x74f20000 - 0x74f27000 	C:\Windows\SYSTEM32\NSI.dll
0x6c8d0000 - 0x6c8dc000 	C:\Program Files (x86)\Java\jdk1.8.0_74\jre\bin\verify.dll
0x64a80000 - 0x64aa1000 	C:\Program Files (x86)\Java\jdk1.8.0_74\jre\bin\java.dll
0x64000000 - 0x64029000 	C:\Program Files (x86)\Java\jdk1.8.0_74\jre\bin\jdwp.dll
0x6c570000 - 0x6c577000 	C:\Program Files (x86)\Java\jdk1.8.0_74\jre\bin\npt.dll
0x643e0000 - 0x643f3000 	C:\Program Files (x86)\Java\jdk1.8.0_74\jre\bin\zip.dll
0x66380000 - 0x66388000 	C:\Program Files (x86)\Java\jdk1.8.0_74\jre\bin\dt_socket.dll
0x72e40000 - 0x72e8b000 	C:\Windows\system32\mswsock.dll
0x6fb90000 - 0x6fcd1000 	C:\Windows\SYSTEM32\dbghelp.dll

VM Arguments:
jvm_args: -agentlib:jdwp=transport=dt_socket,address=127.0.0.1:54200,suspend=y,server=n -Dfile.encoding=UTF-8 
java_command: Problem03.RubiksMatrix.Main
java_class_path (initial): C:\Program Files (x86)\Java\jdk1.8.0_74\jre\lib\charsets.jar;C:\Program Files (x86)\Java\jdk1.8.0_74\jre\lib\deploy.jar;C:\Program Files (x86)\Java\jdk1.8.0_74\jre\lib\ext\access-bridge-32.jar;C:\Program Files (x86)\Java\jdk1.8.0_74\jre\lib\ext\cldrdata.jar;C:\Program Files (x86)\Java\jdk1.8.0_74\jre\lib\ext\dnsns.jar;C:\Program Files (x86)\Java\jdk1.8.0_74\jre\lib\ext\jaccess.jar;C:\Program Files (x86)\Java\jdk1.8.0_74\jre\lib\ext\jfxrt.jar;C:\Program Files (x86)\Java\jdk1.8.0_74\jre\lib\ext\localedata.jar;C:\Program Files (x86)\Java\jdk1.8.0_74\jre\lib\ext\nashorn.jar;C:\Program Files (x86)\Java\jdk1.8.0_74\jre\lib\ext\sunec.jar;C:\Program Files (x86)\Java\jdk1.8.0_74\jre\lib\ext\sunjce_provider.jar;C:\Program Files (x86)\Java\jdk1.8.0_74\jre\lib\ext\sunmscapi.jar;C:\Program Files (x86)\Java\jdk1.8.0_74\jre\lib\ext\sunpkcs11.jar;C:\Program Files (x86)\Java\jdk1.8.0_74\jre\lib\ext\zipfs.jar;C:\Program Files (x86)\Java\jdk1.8.0_74\jre\lib\javaws.jar;C:\Program Files (x86)\Java\jdk1.8.0_74\jre\lib\jce.jar;C:\Program Files (x86)\Java\jdk1.8.0_74\jre\lib\jfr.jar;C:\Program Files (x86)\Java\jdk1.8.0_74\jre\lib\jfxswt.jar;C:\Program Files (x86)\Java\jdk1.8.0_74\jre\lib\jsse.jar;C:\Program Files (x86)\Java\jdk1.8.0_74\jre\lib\management-agent.jar;C:\Program Files (x86)\Java\jdk1.8.0_74\jre\lib\plugin.jar;C:\Program Files (x86)\Java\jdk1.8.0_74\jre\lib\resources.jar;C:\Program Files (x86)\Java\jdk1.8.0_74\jre\lib\rt.jar;E:\SoftUni\JavaFundamentals\ExamPreparation\Exam15November\out\production\Exam15November;C:\Program Files (x86)\JetBrains\IntelliJ IDEA Community Edition 2016.1\lib\idea_rt.jar
Launcher Type: SUN_STANDARD

Environment Variables:
PATH=C:\Program Files (x86)\Java\jdk1.8.0_74\bin;C:\Program Files\TortoiseSVN\bin
USERNAME=StaniPC
OS=Windows_NT
PROCESSOR_IDENTIFIER=Intel64 Family 6 Model 42 Stepping 7, GenuineIntel



---------------  S Y S T E M  ---------------

OS: Windows 8.1 , 64 bit Build 9600 (6.3.9600.17415)

CPU:total 4 (2 cores per cpu, 2 threads per core) family 6 model 42 stepping 7, cmov, cx8, fxsr, mmx, sse, sse2, sse3, ssse3, sse4.1, sse4.2, popcnt, avx, aes, clmul, ht, tsc, tscinvbit

Memory: 4k page, physical 6238684k(2685320k free), swap 7375872k(3121788k free)

vm_info: Java HotSpot(TM) Client VM (25.74-b02) for windows-x86 JRE (1.8.0_74-b02), built on Jan 29 2016 17:47:57 by "java_re" with MS VC++ 10.0 (VS2010)

time: Mon Apr 04 22:20:39 2016
elapsed time: 527 seconds (0d 0h 8m 47s)

